<?xml version="1.0" encoding="UTF-8"?>
<testsuite xmlns:xsi="http://www.w3.org/2001/XMLSchema-instance" xsi:noNamespaceSchemaLocation="https://maven.apache.org/surefire/maven-surefire-plugin/xsd/surefire-test-report-3.0.xsd" version="3.0" name="api.ejemplo.AuthTest" time="1.592" tests="5" errors="0" skipped="0" failures="0">
  <properties>
[...]
</properties>
  <testcase name="testLoginUser_InvalidPassword" classname="api.ejemplo.AuthTest" time="1.24"/>
  <testcase name="testLoginUser_UserNotFound_ByEmail" classname="api.ejemplo.AuthTest" time="0.003">
    <system-out><![CDATA[Test de Autenticacion finalizado
]]></system-out>
  </testcase>
  <testcase name="testRegisterUser_Success" classname="api.ejemplo.AuthTest" time="0.141"/>
  <testcase name="testRegisterUser_ThrowsException" classname="api.ejemplo.AuthTest" time="0.067"/>
  <testcase name="testLoginUser_Success_ByEmail" classname="api.ejemplo.AuthTest" time="0.126"/>
</testsuite>